<?xml version="1.0" encoding="UTF-8"?>
<!-- Generated by org.testng.reporters.JUnitXMLReporter -->
<testsuite hostname="rayaan" failures="0" tests="6" name="Xeneta_Media_Resources" time="88.126" errors="0" timestamp="3 Dec 2018 02:33:05 GMT">
  <testcase classname="demotests.XenetaMediaResourcesPage" name="testTakeScreenshot" time="1.378"/>
  <testcase classname="demotests.XenetaMediaResourcesPage" name="testOpenWebPage" time="0.986"/>
  <testcase classname="demotests.XenetaMediaResourcesPage" name="testScrollWebPage" time="0.063"/>
  <testcase classname="demotests.XenetaMediaResourcesPage" name="testLanguage" time="4.104"/>
  <testcase classname="demotests.XenetaMediaResourcesPage" name="testImageThumbnail" time="1.292"/>
  <testcase classname="demotests.XenetaMediaResourcesPage" name="testDownload" time="0.596"/>
</testsuite> <!-- Xeneta_Media_Resources -->
