<?xml version="1.0" encoding="UTF-8"?>
<testng-results total="12" passed="11" failed="1" skipped="0">
  <reporter-output>
    <line>
      <![CDATA[Element/Error not found in page: Unable to locate element: {"method":"xpath","selector":"//u1[@role=\"alert\"]"}
Command duration or timeout: 18 milliseconds
For documentation on this error, please visit: http://seleniumhq.org/exceptions/no_such_element.html
Build info: version: '2.53.1', revision: 'a36b8b1', time: '2016-06-30 17:32:46'
System info: host: 'rayaan', ip: '192.168.1.4', os.name: 'Windows 10', os.arch: 'amd64', os.version: '10.0', java.version: '11.0.1'
Driver info: org.openqa.selenium.firefox.FirefoxDriver
Capabilities [{applicationCacheEnabled=true, rotatable=false, handlesAlerts=true, databaseEnabled=true, version=45.0, platform=WINDOWS, nativeEvents=false, acceptSslCerts=true, webStorageEnabled=true, locationContextEnabled=true, browserName=firefox, takesScreenshot=true, javascriptEnabled=true, cssSelectorsEnabled=true}]
Session ID: b3d86bff-fae8-40a5-8ef0-f1876ebe3332
*** Element info: {Using=xpath, value=//u1[@role="alert"]}]]>
    </line>
  </reporter-output>
  <suite started-at="2018-12-03T02:30:12Z" name="Default suite" finished-at="2018-12-03T02:33:05Z" duration-ms="173630">
    <groups>
    </groups>
    <test started-at="2018-12-03T02:30:12Z" name="Xeneta_Request_Demo" finished-at="2018-12-03T02:31:37Z" duration-ms="85409">
      <class name="demotests.XenetaRequestDemoPage">
        <test-method is-config="true" signature="initDriver(java.lang.String)[pri:0, instance:demotests.XenetaRequestDemoPage@47af7f3d]" started-at="2018-12-03T08:00:12Z" name="initDriver" finished-at="2018-12-03T08:00:26Z" duration-ms="14550" status="PASS">
          <params>
            <param index="0">
              <value>
                <![CDATA[https://www.xeneta.com/test-request-xeneta-demo]]>
              </value>
            </param>
          </params>
          <reporter-output>
          </reporter-output>
        </test-method> <!-- initDriver -->
        <test-method signature="testTakeScreenshot(java.lang.String)[pri:1, instance:demotests.XenetaRequestDemoPage@47af7f3d]" started-at="2018-12-03T08:00:26Z" name="testTakeScreenshot" finished-at="2018-12-03T08:00:27Z" duration-ms="688" status="PASS">
          <params>
            <param index="0">
              <value>
                <![CDATA[c:/xeneta/xenetademo/snapshots/]]>
              </value>
            </param>
          </params>
          <reporter-output>
          </reporter-output>
        </test-method> <!-- testTakeScreenshot -->
        <test-method is-config="true" signature="cleanup()[pri:0, instance:demotests.XenetaRequestDemoPage@47af7f3d]" started-at="2018-12-03T08:00:27Z" name="cleanup" finished-at="2018-12-03T08:00:27Z" duration-ms="21" status="PASS">
          <reporter-output>
          </reporter-output>
        </test-method> <!-- cleanup -->
        <test-method is-config="true" signature="initDriver(java.lang.String)[pri:0, instance:demotests.XenetaRequestDemoPage@47af7f3d]" started-at="2018-12-03T08:00:27Z" name="initDriver" finished-at="2018-12-03T08:00:39Z" duration-ms="11956" status="PASS">
          <params>
            <param index="0">
              <value>
                <![CDATA[https://www.xeneta.com/test-request-xeneta-demo]]>
              </value>
            </param>
          </params>
          <reporter-output>
          </reporter-output>
        </test-method> <!-- initDriver -->
        <test-method signature="testFillForm(java.lang.String)[pri:2, instance:demotests.XenetaRequestDemoPage@47af7f3d]" started-at="2018-12-03T08:00:39Z" name="testFillForm" finished-at="2018-12-03T08:00:41Z" duration-ms="1771" status="PASS">
          <params>
            <param index="0">
              <value>
                <![CDATA[Mirinda]]>
              </value>
            </param>
          </params>
          <reporter-output>
          </reporter-output>
        </test-method> <!-- testFillForm -->
        <test-method is-config="true" signature="cleanup()[pri:0, instance:demotests.XenetaRequestDemoPage@47af7f3d]" started-at="2018-12-03T08:00:41Z" name="cleanup" finished-at="2018-12-03T08:00:41Z" duration-ms="14" status="PASS">
          <reporter-output>
          </reporter-output>
        </test-method> <!-- cleanup -->
        <test-method is-config="true" signature="initDriver(java.lang.String)[pri:0, instance:demotests.XenetaRequestDemoPage@47af7f3d]" started-at="2018-12-03T08:00:41Z" name="initDriver" finished-at="2018-12-03T08:00:52Z" duration-ms="11408" status="PASS">
          <params>
            <param index="0">
              <value>
                <![CDATA[https://www.xeneta.com/test-request-xeneta-demo]]>
              </value>
            </param>
          </params>
          <reporter-output>
          </reporter-output>
        </test-method> <!-- initDriver -->
        <test-method signature="testEmailField()[pri:3, instance:demotests.XenetaRequestDemoPage@47af7f3d]" started-at="2018-12-03T08:00:52Z" name="testEmailField" finished-at="2018-12-03T08:00:53Z" duration-ms="1000" status="PASS">
          <reporter-output>
          </reporter-output>
        </test-method> <!-- testEmailField -->
        <test-method is-config="true" signature="cleanup()[pri:0, instance:demotests.XenetaRequestDemoPage@47af7f3d]" started-at="2018-12-03T08:00:53Z" name="cleanup" finished-at="2018-12-03T08:00:53Z" duration-ms="12" status="PASS">
          <reporter-output>
          </reporter-output>
        </test-method> <!-- cleanup -->
        <test-method is-config="true" signature="initDriver(java.lang.String)[pri:0, instance:demotests.XenetaRequestDemoPage@47af7f3d]" started-at="2018-12-03T08:00:53Z" name="initDriver" finished-at="2018-12-03T08:01:06Z" duration-ms="12652" status="PASS">
          <params>
            <param index="0">
              <value>
                <![CDATA[https://www.xeneta.com/test-request-xeneta-demo]]>
              </value>
            </param>
          </params>
          <reporter-output>
          </reporter-output>
        </test-method> <!-- initDriver -->
        <test-method signature="testRequestDemo(java.lang.String, java.lang.String, java.lang.String, java.lang.String, java.lang.String, java.lang.String)[pri:4, instance:demotests.XenetaRequestDemoPage@47af7f3d]" started-at="2018-12-03T08:01:06Z" name="testRequestDemo" finished-at="2018-12-03T08:01:10Z" duration-ms="4267" status="PASS">
          <params>
            <param index="0">
              <value>
                <![CDATA[Mirinda]]>
              </value>
            </param>
            <param index="1">
              <value>
                <![CDATA[Cooper]]>
              </value>
            </param>
            <param index="2">
              <value>
                <![CDATA[Xeneta]]>
              </value>
            </param>
            <param index="3">
              <value>
                <![CDATA[Sales Executive]]>
              </value>
            </param>
            <param index="4">
              <value>
                <![CDATA[mirinda@google.com]]>
              </value>
            </param>
            <param index="5">
              <value>
                <![CDATA[00478674830275]]>
              </value>
            </param>
          </params>
          <reporter-output>
          </reporter-output>
        </test-method> <!-- testRequestDemo -->
        <test-method is-config="true" signature="cleanup()[pri:0, instance:demotests.XenetaRequestDemoPage@47af7f3d]" started-at="2018-12-03T08:01:10Z" name="cleanup" finished-at="2018-12-03T08:01:10Z" duration-ms="19" status="PASS">
          <reporter-output>
          </reporter-output>
        </test-method> <!-- cleanup -->
        <test-method is-config="true" signature="initDriver(java.lang.String)[pri:0, instance:demotests.XenetaRequestDemoPage@47af7f3d]" started-at="2018-12-03T08:01:10Z" name="initDriver" finished-at="2018-12-03T08:01:21Z" duration-ms="11435" status="PASS">
          <params>
            <param index="0">
              <value>
                <![CDATA[https://www.xeneta.com/test-request-xeneta-demo]]>
              </value>
            </param>
          </params>
          <reporter-output>
          </reporter-output>
        </test-method> <!-- initDriver -->
        <test-method signature="testPlayVideo()[pri:5, instance:demotests.XenetaRequestDemoPage@47af7f3d]" started-at="2018-12-03T08:01:21Z" name="testPlayVideo" finished-at="2018-12-03T08:01:23Z" duration-ms="1111" status="PASS">
          <reporter-output>
          </reporter-output>
        </test-method> <!-- testPlayVideo -->
        <test-method is-config="true" signature="cleanup()[pri:0, instance:demotests.XenetaRequestDemoPage@47af7f3d]" started-at="2018-12-03T08:01:23Z" name="cleanup" finished-at="2018-12-03T08:01:23Z" duration-ms="15" status="PASS">
          <reporter-output>
          </reporter-output>
        </test-method> <!-- cleanup -->
        <test-method is-config="true" signature="initDriver(java.lang.String)[pri:0, instance:demotests.XenetaRequestDemoPage@47af7f3d]" started-at="2018-12-03T08:01:23Z" name="initDriver" finished-at="2018-12-03T08:01:35Z" duration-ms="12871" status="PASS">
          <params>
            <param index="0">
              <value>
                <![CDATA[https://www.xeneta.com/test-request-xeneta-demo]]>
              </value>
            </param>
          </params>
          <reporter-output>
          </reporter-output>
        </test-method> <!-- initDriver -->
        <test-method signature="testPhoneField()[pri:6, instance:demotests.XenetaRequestDemoPage@47af7f3d]" started-at="2018-12-03T08:01:35Z" name="testPhoneField" finished-at="2018-12-03T08:01:37Z" duration-ms="1041" status="FAIL">
          <exception class="java.lang.AssertionError">
            <message>
              <![CDATA[Element/Error not found in page: Unable to locate element: {"method":"xpath","selector":"//u1[@role=\"alert\"]"}
Command duration or timeout: 18 milliseconds
For documentation on this error, please visit: http://seleniumhq.org/exceptions/no_such_element.html
Build info: version: '2.53.1', revision: 'a36b8b1', time: '2016-06-30 17:32:46'
System info: host: 'rayaan', ip: '192.168.1.4', os.name: 'Windows 10', os.arch: 'amd64', os.version: '10.0', java.version: '11.0.1'
Driver info: org.openqa.selenium.firefox.FirefoxDriver
Capabilities [{applicationCacheEnabled=true, rotatable=false, handlesAlerts=true, databaseEnabled=true, version=45.0, platform=WINDOWS, nativeEvents=false, acceptSslCerts=true, webStorageEnabled=true, locationContextEnabled=true, browserName=firefox, takesScreenshot=true, javascriptEnabled=true, cssSelectorsEnabled=true}]
Session ID: b3d86bff-fae8-40a5-8ef0-f1876ebe3332
*** Element info: {Using=xpath, value=//u1[@role="alert"]}]]>
            </message>
            <full-stacktrace>
              <![CDATA[java.lang.AssertionError: Element/Error not found in page: Unable to locate element: {"method":"xpath","selector":"//u1[@role=\"alert\"]"}
Command duration or timeout: 18 milliseconds
For documentation on this error, please visit: http://seleniumhq.org/exceptions/no_such_element.html
Build info: version: '2.53.1', revision: 'a36b8b1', time: '2016-06-30 17:32:46'
System info: host: 'rayaan', ip: '192.168.1.4', os.name: 'Windows 10', os.arch: 'amd64', os.version: '10.0', java.version: '11.0.1'
Driver info: org.openqa.selenium.firefox.FirefoxDriver
Capabilities [{applicationCacheEnabled=true, rotatable=false, handlesAlerts=true, databaseEnabled=true, version=45.0, platform=WINDOWS, nativeEvents=false, acceptSslCerts=true, webStorageEnabled=true, locationContextEnabled=true, browserName=firefox, takesScreenshot=true, javascriptEnabled=true, cssSelectorsEnabled=true}]
Session ID: b3d86bff-fae8-40a5-8ef0-f1876ebe3332
*** Element info: {Using=xpath, value=//u1[@role="alert"]}
	at org.junit.Assert.fail(Assert.java:88)
	at org.junit.Assert.assertTrue(Assert.java:41)
	at demotests.XenetaRequestDemoPage.testPhoneField(XenetaRequestDemoPage.java:326)
	at java.base/jdk.internal.reflect.NativeMethodAccessorImpl.invoke0(Native Method)
	at java.base/jdk.internal.reflect.NativeMethodAccessorImpl.invoke(NativeMethodAccessorImpl.java:62)
	at java.base/jdk.internal.reflect.DelegatingMethodAccessorImpl.invoke(DelegatingMethodAccessorImpl.java:43)
	at java.base/java.lang.reflect.Method.invoke(Method.java:566)
	at org.testng.internal.MethodInvocationHelper.invokeMethod(MethodInvocationHelper.java:85)
	at org.testng.internal.Invoker.invokeMethod(Invoker.java:639)
	at org.testng.internal.Invoker.invokeTestMethod(Invoker.java:816)
	at org.testng.internal.Invoker.invokeTestMethods(Invoker.java:1124)
	at org.testng.internal.TestMethodWorker.invokeTestMethods(TestMethodWorker.java:125)
	at org.testng.internal.TestMethodWorker.run(TestMethodWorker.java:108)
	at org.testng.TestRunner.privateRun(TestRunner.java:774)
	at org.testng.TestRunner.run(TestRunner.java:624)
	at org.testng.SuiteRunner.runTest(SuiteRunner.java:359)
	at org.testng.SuiteRunner.runSequentially(SuiteRunner.java:354)
	at org.testng.SuiteRunner.privateRun(SuiteRunner.java:312)
	at org.testng.SuiteRunner.run(SuiteRunner.java:261)
	at org.testng.SuiteRunnerWorker.runSuite(SuiteRunnerWorker.java:52)
	at org.testng.SuiteRunnerWorker.run(SuiteRunnerWorker.java:86)
	at org.testng.TestNG.runSuitesSequentially(TestNG.java:1215)
	at org.testng.TestNG.runSuitesLocally(TestNG.java:1140)
	at org.testng.TestNG.run(TestNG.java:1048)
	at org.testng.TestNG.privateMain(TestNG.java:1355)
	at org.testng.TestNG.main(TestNG.java:1324)
]]>
            </full-stacktrace>
          </exception> <!-- java.lang.AssertionError -->
          <reporter-output>
            <line>
              <![CDATA[Element/Error not found in page: Unable to locate element: {"method":"xpath","selector":"//u1[@role=\"alert\"]"}
Command duration or timeout: 18 milliseconds
For documentation on this error, please visit: http://seleniumhq.org/exceptions/no_such_element.html
Build info: version: '2.53.1', revision: 'a36b8b1', time: '2016-06-30 17:32:46'
System info: host: 'rayaan', ip: '192.168.1.4', os.name: 'Windows 10', os.arch: 'amd64', os.version: '10.0', java.version: '11.0.1'
Driver info: org.openqa.selenium.firefox.FirefoxDriver
Capabilities [{applicationCacheEnabled=true, rotatable=false, handlesAlerts=true, databaseEnabled=true, version=45.0, platform=WINDOWS, nativeEvents=false, acceptSslCerts=true, webStorageEnabled=true, locationContextEnabled=true, browserName=firefox, takesScreenshot=true, javascriptEnabled=true, cssSelectorsEnabled=true}]
Session ID: b3d86bff-fae8-40a5-8ef0-f1876ebe3332
*** Element info: {Using=xpath, value=//u1[@role="alert"]}]]>
            </line>
          </reporter-output>
        </test-method> <!-- testPhoneField -->
        <test-method is-config="true" signature="cleanup()[pri:0, instance:demotests.XenetaRequestDemoPage@47af7f3d]" started-at="2018-12-03T08:01:37Z" name="cleanup" finished-at="2018-12-03T08:01:37Z" duration-ms="543" status="PASS">
          <reporter-output>
          </reporter-output>
        </test-method> <!-- cleanup -->
      </class> <!-- demotests.XenetaRequestDemoPage -->
    </test> <!-- Xeneta_Request_Demo -->
    <test started-at="2018-12-03T02:31:37Z" name="Xeneta_Media_Resources" finished-at="2018-12-03T02:33:05Z" duration-ms="88126">
      <class name="demotests.XenetaMediaResourcesPage">
        <test-method is-config="true" signature="initDriver(java.lang.String)[pri:0, instance:demotests.XenetaMediaResourcesPage@36bc55de]" started-at="2018-12-03T08:01:37Z" name="initDriver" finished-at="2018-12-03T08:01:49Z" duration-ms="11894" status="PASS">
          <params>
            <param index="0">
              <value>
                <![CDATA[https://www.xeneta.com/media-resources]]>
              </value>
            </param>
          </params>
          <reporter-output>
          </reporter-output>
        </test-method> <!-- initDriver -->
        <test-method signature="testTakeScreenshot(java.lang.String)[pri:1, instance:demotests.XenetaMediaResourcesPage@36bc55de]" started-at="2018-12-03T08:01:49Z" name="testTakeScreenshot" finished-at="2018-12-03T08:01:50Z" duration-ms="1378" status="PASS">
          <params>
            <param index="0">
              <value>
                <![CDATA[c:/xeneta/xenetademo/snapshots/]]>
              </value>
            </param>
          </params>
          <reporter-output>
          </reporter-output>
        </test-method> <!-- testTakeScreenshot -->
        <test-method is-config="true" signature="cleanup()[pri:0, instance:demotests.XenetaMediaResourcesPage@36bc55de]" started-at="2018-12-03T08:01:50Z" name="cleanup" finished-at="2018-12-03T08:01:52Z" duration-ms="1221" status="PASS">
          <reporter-output>
          </reporter-output>
        </test-method> <!-- cleanup -->
        <test-method is-config="true" signature="initDriver(java.lang.String)[pri:0, instance:demotests.XenetaMediaResourcesPage@36bc55de]" started-at="2018-12-03T08:01:52Z" name="initDriver" finished-at="2018-12-03T08:02:04Z" duration-ms="12133" status="PASS">
          <params>
            <param index="0">
              <value>
                <![CDATA[https://www.xeneta.com/media-resources]]>
              </value>
            </param>
          </params>
          <reporter-output>
          </reporter-output>
        </test-method> <!-- initDriver -->
        <test-method signature="testOpenWebPage()[pri:2, instance:demotests.XenetaMediaResourcesPage@36bc55de]" started-at="2018-12-03T08:02:04Z" name="testOpenWebPage" finished-at="2018-12-03T08:02:05Z" duration-ms="986" status="PASS">
          <reporter-output>
          </reporter-output>
        </test-method> <!-- testOpenWebPage -->
        <test-method is-config="true" signature="cleanup()[pri:0, instance:demotests.XenetaMediaResourcesPage@36bc55de]" started-at="2018-12-03T08:02:05Z" name="cleanup" finished-at="2018-12-03T08:02:06Z" duration-ms="800" status="PASS">
          <reporter-output>
          </reporter-output>
        </test-method> <!-- cleanup -->
        <test-method is-config="true" signature="initDriver(java.lang.String)[pri:0, instance:demotests.XenetaMediaResourcesPage@36bc55de]" started-at="2018-12-03T08:02:06Z" name="initDriver" finished-at="2018-12-03T08:02:16Z" duration-ms="10728" status="PASS">
          <params>
            <param index="0">
              <value>
                <![CDATA[https://www.xeneta.com/media-resources]]>
              </value>
            </param>
          </params>
          <reporter-output>
          </reporter-output>
        </test-method> <!-- initDriver -->
        <test-method signature="testScrollWebPage()[pri:3, instance:demotests.XenetaMediaResourcesPage@36bc55de]" started-at="2018-12-03T08:02:16Z" name="testScrollWebPage" finished-at="2018-12-03T08:02:16Z" duration-ms="63" status="PASS">
          <reporter-output>
          </reporter-output>
        </test-method> <!-- testScrollWebPage -->
        <test-method is-config="true" signature="cleanup()[pri:0, instance:demotests.XenetaMediaResourcesPage@36bc55de]" started-at="2018-12-03T08:02:16Z" name="cleanup" finished-at="2018-12-03T08:02:17Z" duration-ms="686" status="PASS">
          <reporter-output>
          </reporter-output>
        </test-method> <!-- cleanup -->
        <test-method is-config="true" signature="initDriver(java.lang.String)[pri:0, instance:demotests.XenetaMediaResourcesPage@36bc55de]" started-at="2018-12-03T08:02:17Z" name="initDriver" finished-at="2018-12-03T08:02:28Z" duration-ms="10970" status="PASS">
          <params>
            <param index="0">
              <value>
                <![CDATA[https://www.xeneta.com/media-resources]]>
              </value>
            </param>
          </params>
          <reporter-output>
          </reporter-output>
        </test-method> <!-- initDriver -->
        <test-method signature="testLanguage(java.lang.String, java.lang.String)[pri:4, instance:demotests.XenetaMediaResourcesPage@36bc55de]" started-at="2018-12-03T08:02:28Z" name="testLanguage" finished-at="2018-12-03T08:02:32Z" duration-ms="4104" status="PASS">
          <params>
            <param index="0">
              <value>
                <![CDATA[Deutsch]]>
              </value>
            </param>
            <param index="1">
              <value>
                <![CDATA[Pressematerialien]]>
              </value>
            </param>
          </params>
          <reporter-output>
          </reporter-output>
        </test-method> <!-- testLanguage -->
        <test-method is-config="true" signature="cleanup()[pri:0, instance:demotests.XenetaMediaResourcesPage@36bc55de]" started-at="2018-12-03T08:02:32Z" name="cleanup" finished-at="2018-12-03T08:02:33Z" duration-ms="905" status="PASS">
          <reporter-output>
          </reporter-output>
        </test-method> <!-- cleanup -->
        <test-method is-config="true" signature="initDriver(java.lang.String)[pri:0, instance:demotests.XenetaMediaResourcesPage@36bc55de]" started-at="2018-12-03T08:02:33Z" name="initDriver" finished-at="2018-12-03T08:02:51Z" duration-ms="18219" status="PASS">
          <params>
            <param index="0">
              <value>
                <![CDATA[https://www.xeneta.com/media-resources]]>
              </value>
            </param>
          </params>
          <reporter-output>
          </reporter-output>
        </test-method> <!-- initDriver -->
        <test-method signature="testImageThumbnail()[pri:5, instance:demotests.XenetaMediaResourcesPage@36bc55de]" started-at="2018-12-03T08:02:51Z" name="testImageThumbnail" finished-at="2018-12-03T08:02:53Z" duration-ms="1292" status="PASS">
          <reporter-output>
          </reporter-output>
        </test-method> <!-- testImageThumbnail -->
        <test-method is-config="true" signature="cleanup()[pri:0, instance:demotests.XenetaMediaResourcesPage@36bc55de]" started-at="2018-12-03T08:02:53Z" name="cleanup" finished-at="2018-12-03T08:02:53Z" duration-ms="768" status="PASS">
          <reporter-output>
          </reporter-output>
        </test-method> <!-- cleanup -->
        <test-method is-config="true" signature="initDriver(java.lang.String)[pri:0, instance:demotests.XenetaMediaResourcesPage@36bc55de]" started-at="2018-12-03T08:02:53Z" name="initDriver" finished-at="2018-12-03T08:03:04Z" duration-ms="10524" status="PASS">
          <params>
            <param index="0">
              <value>
                <![CDATA[https://www.xeneta.com/media-resources]]>
              </value>
            </param>
          </params>
          <reporter-output>
          </reporter-output>
        </test-method> <!-- initDriver -->
        <test-method signature="testDownload(java.lang.String)[pri:6, instance:demotests.XenetaMediaResourcesPage@36bc55de]" started-at="2018-12-03T08:03:04Z" name="testDownload" finished-at="2018-12-03T08:03:04Z" duration-ms="596" status="PASS">
          <params>
            <param index="0">
              <value>
                <![CDATA[c:/xeneta/xenetademo/snapshots/]]>
              </value>
            </param>
          </params>
          <reporter-output>
          </reporter-output>
        </test-method> <!-- testDownload -->
        <test-method is-config="true" signature="cleanup()[pri:0, instance:demotests.XenetaMediaResourcesPage@36bc55de]" started-at="2018-12-03T08:03:04Z" name="cleanup" finished-at="2018-12-03T08:03:05Z" duration-ms="836" status="PASS">
          <reporter-output>
          </reporter-output>
        </test-method> <!-- cleanup -->
      </class> <!-- demotests.XenetaMediaResourcesPage -->
    </test> <!-- Xeneta_Media_Resources -->
  </suite> <!-- Default suite -->
</testng-results>
